0 info it worked if it ends with ok
1 verbose cli [ '/usr/bin/nodejs', '/usr/bin/npm', 'install' ]
2 info using npm@2.15.9
3 info using node@v4.5.0
4 verbose readDependencies loading dependencies from /home/ronald/development/brinkeman/node-stepper/package.json
5 verbose install where, deps [ '/home/ronald/development/brinkeman/node-stepper',
5 verbose install   [ 'stepper-wiringpi' ] ]
6 verbose install where, peers [ '/home/ronald/development/brinkeman/node-stepper', [] ]
7 verbose installManyTop reading for lifecycle /home/ronald/development/brinkeman/node-stepper/package.json
8 info preinstall node-stepper@0.0.1
9 verbose readDependencies loading dependencies from /home/ronald/development/brinkeman/node-stepper/package.json
10 silly cache add args [ 'stepper-wiringpi@0.0.2', null ]
11 verbose cache add spec stepper-wiringpi@0.0.2
12 silly cache add parsed spec Result {
12 silly cache add   raw: 'stepper-wiringpi@0.0.2',
12 silly cache add   scope: null,
12 silly cache add   name: 'stepper-wiringpi',
12 silly cache add   rawSpec: '0.0.2',
12 silly cache add   spec: '0.0.2',
12 silly cache add   type: 'version' }
13 silly addNamed stepper-wiringpi@0.0.2
14 verbose addNamed "0.0.2" is a plain semver version for stepper-wiringpi
15 silly mapToRegistry name stepper-wiringpi
16 silly mapToRegistry using default registry
17 silly mapToRegistry registry https://registry.npmjs.org/
18 silly mapToRegistry data Result {
18 silly mapToRegistry   raw: 'stepper-wiringpi',
18 silly mapToRegistry   scope: null,
18 silly mapToRegistry   name: 'stepper-wiringpi',
18 silly mapToRegistry   rawSpec: '',
18 silly mapToRegistry   spec: 'latest',
18 silly mapToRegistry   type: 'tag' }
19 silly mapToRegistry uri https://registry.npmjs.org/stepper-wiringpi
20 verbose addNameVersion registry:https://registry.npmjs.org/stepper-wiringpi not in flight; fetching
21 verbose request uri https://registry.npmjs.org/stepper-wiringpi
22 verbose request no auth needed
23 info attempt registry request try #1 at 16:11:56
24 verbose request id e7698abc31666012
25 verbose etag W/"5747cce5-1db3"
26 verbose lastModified Fri, 27 May 2016 04:28:21 GMT
27 http request GET https://registry.npmjs.org/stepper-wiringpi
28 http 304 https://registry.npmjs.org/stepper-wiringpi
29 verbose headers { date: 'Wed, 28 Dec 2016 15:11:56 GMT',
29 verbose headers   via: '1.1 varnish',
29 verbose headers   'cache-control': 'max-age=300',
29 verbose headers   etag: 'W/"5747cce5-1db3"',
29 verbose headers   age: '45',
29 verbose headers   connection: 'keep-alive',
29 verbose headers   'x-served-by': 'cache-ams4139-AMS',
29 verbose headers   'x-cache': 'HIT',
29 verbose headers   'x-cache-hits': '1',
29 verbose headers   'x-timer': 'S1482937916.868686,VS0,VE0',
29 verbose headers   vary: 'Accept-Encoding' }
30 silly get cb [ 304,
30 silly get   { date: 'Wed, 28 Dec 2016 15:11:56 GMT',
30 silly get     via: '1.1 varnish',
30 silly get     'cache-control': 'max-age=300',
30 silly get     etag: 'W/"5747cce5-1db3"',
30 silly get     age: '45',
30 silly get     connection: 'keep-alive',
30 silly get     'x-served-by': 'cache-ams4139-AMS',
30 silly get     'x-cache': 'HIT',
30 silly get     'x-cache-hits': '1',
30 silly get     'x-timer': 'S1482937916.868686,VS0,VE0',
30 silly get     vary: 'Accept-Encoding' } ]
31 verbose etag https://registry.npmjs.org/stepper-wiringpi from cache
32 verbose get saving stepper-wiringpi to /home/ronald/.npm/registry.npmjs.org/stepper-wiringpi/.cache.json
33 verbose correctMkdir /home/ronald/.npm correctMkdir not in flight; initializing
34 silly cache afterAdd stepper-wiringpi@0.0.2
35 verbose afterAdd /home/ronald/.npm/stepper-wiringpi/0.0.2/package/package.json not in flight; writing
36 verbose correctMkdir /home/ronald/.npm correctMkdir not in flight; initializing
37 verbose afterAdd /home/ronald/.npm/stepper-wiringpi/0.0.2/package/package.json written
38 silly install resolved [ { name: 'stepper-wiringpi',
38 silly install resolved     version: '0.0.2',
38 silly install resolved     description: 'Module to control a stepper motor',
38 silly install resolved     main: 'src/stepper-wiringpi.js',
38 silly install resolved     scripts: { test: 'echo "Error: no test specified" && exit 1' },
38 silly install resolved     dependencies: { 'wiring-pi': '^2.1.1' },
38 silly install resolved     keywords: [ 'stepper', 'motor', 'node.js', 'raspberry pi' ],
38 silly install resolved     repository:
38 silly install resolved      { type: 'git',
38 silly install resolved        url: 'git+https://github.com/nkolban/node-stepper-wiringpi.git' },
38 silly install resolved     os: [ 'linux' ],
38 silly install resolved     cpu: [ 'arm' ],
38 silly install resolved     author: { name: 'Neil Kolban' },
38 silly install resolved     license: 'MIT',
38 silly install resolved     gitHead: 'fe440db00910cdb033b9a2a81ff0e84514d68b1a',
38 silly install resolved     bugs: { url: 'https://github.com/nkolban/node-stepper-wiringpi/issues' },
38 silly install resolved     homepage: 'https://github.com/nkolban/node-stepper-wiringpi#readme',
38 silly install resolved     _id: 'stepper-wiringpi@0.0.2',
38 silly install resolved     _shasum: '6cc970d95437a2ca4df54c48b47c8b3598d718eb',
38 silly install resolved     _from: 'stepper-wiringpi@0.0.2',
38 silly install resolved     _npmVersion: '2.15.0',
38 silly install resolved     _nodeVersion: '4.4.2',
38 silly install resolved     _npmUser: { name: 'kolban', email: 'kolban1@kolban.com' },
38 silly install resolved     dist:
38 silly install resolved      { shasum: '6cc970d95437a2ca4df54c48b47c8b3598d718eb',
38 silly install resolved        tarball: 'https://registry.npmjs.org/stepper-wiringpi/-/stepper-wiringpi-0.0.2.tgz' },
38 silly install resolved     maintainers: [ [Object] ],
38 silly install resolved     _npmOperationalInternal:
38 silly install resolved      { host: 'packages-12-west.internal.npmjs.com',
38 silly install resolved        tmp: 'tmp/stepper-wiringpi-0.0.2.tgz_1464323299115_0.7235413424205035' },
38 silly install resolved     directories: {},
38 silly install resolved     _resolved: 'https://registry.npmjs.org/stepper-wiringpi/-/stepper-wiringpi-0.0.2.tgz',
38 silly install resolved     readme: 'ERROR: No README data found!' } ]
39 info install stepper-wiringpi@0.0.2 into /home/ronald/development/brinkeman/node-stepper
40 info installOne stepper-wiringpi@0.0.2
41 verbose installOne of stepper-wiringpi to /home/ronald/development/brinkeman/node-stepper not in flight; installing
42 verbose correctMkdir /home/ronald/.npm/_locks correctMkdir not in flight; initializing
43 verbose lock using /home/ronald/.npm/_locks/stepper-wiringpi-43345f72732d54fe.lock for /home/ronald/development/brinkeman/node-stepper/node_modules/stepper-wiringpi
44 verbose unlock done using /home/ronald/.npm/_locks/stepper-wiringpi-43345f72732d54fe.lock for /home/ronald/development/brinkeman/node-stepper/node_modules/stepper-wiringpi
45 verbose stack Error: Unsupported
45 verbose stack     at checkPlatform (/usr/lib/node_modules/npm/node_modules/npm-install-checks/index.js:47:14)
45 verbose stack     at Array.<anonymous> (/usr/lib/node_modules/npm/node_modules/slide/lib/bind-actor.js:15:8)
45 verbose stack     at LOOP (/usr/lib/node_modules/npm/node_modules/slide/lib/chain.js:15:14)
45 verbose stack     at /usr/lib/node_modules/npm/node_modules/slide/lib/chain.js:18:7
45 verbose stack     at checkEngine (/usr/lib/node_modules/npm/node_modules/npm-install-checks/index.js:11:20)
45 verbose stack     at Array.<anonymous> (/usr/lib/node_modules/npm/node_modules/slide/lib/bind-actor.js:15:8)
45 verbose stack     at LOOP (/usr/lib/node_modules/npm/node_modules/slide/lib/chain.js:15:14)
45 verbose stack     at chain (/usr/lib/node_modules/npm/node_modules/slide/lib/chain.js:20:5)
45 verbose stack     at /usr/lib/node_modules/npm/lib/install.js:1038:5
45 verbose stack     at /usr/lib/node_modules/npm/lib/utils/locker.js:39:7
46 verbose pkgid stepper-wiringpi@0.0.2
47 verbose cwd /home/ronald/development/brinkeman/node-stepper
48 error Linux 4.4.0-38-generic
49 error argv "/usr/bin/nodejs" "/usr/bin/npm" "install"
50 error node v4.5.0
51 error npm  v2.15.9
52 error code EBADPLATFORM
53 error notsup Unsupported
53 error notsup Not compatible with your operating system or architecture: stepper-wiringpi@0.0.2
53 error notsup Valid OS:    linux
53 error notsup Valid Arch:  arm
53 error notsup Actual OS:   linux
53 error notsup Actual Arch: x64
54 verbose exit [ 1, true ]
